<?xml version="1.0" encoding="UTF-8" standalone="yes"?><!DOCTYPE report PUBLIC "-//JACOCO//DTD Report 1.0//EN" "report.dtd"><report name="gradle-natives"><sessioninfo id="inhouse-1cfdcacb" start="1489593898994" dump="1489593905597"/><package name="com/stehno/gradle/natives/ext"><class name="com/stehno/gradle/natives/ext/Platform$_acceptsExtension_closure1"><method name="&lt;init&gt;" desc="(Ljava/lang/Object;Ljava/lang/Object;Lgroovy/lang/Reference;)V"><counter type="INSTRUCTION" missed="0" covered="15"/><counter type="COMPLEXITY" missed="0" covered="1"/><counter type="METHOD" missed="0" covered="1"/></method><method name="doCall" desc="(Ljava/lang/Object;)Ljava/lang/Object;" line="45"><counter type="INSTRUCTION" missed="2" covered="15"/><counter type="LINE" missed="0" covered="1"/><counter type="COMPLEXITY" missed="0" covered="1"/><counter type="METHOD" missed="0" covered="1"/></method><method name="getName" desc="()Ljava/lang/String;"><counter type="INSTRUCTION" missed="10" covered="0"/><counter type="COMPLEXITY" missed="1" covered="0"/><counter type="METHOD" missed="1" covered="0"/></method><method name="doCall" desc="()Ljava/lang/Object;"><counter type="INSTRUCTION" missed="8" covered="0"/><counter type="COMPLEXITY" missed="1" covered="0"/><counter type="METHOD" missed="1" covered="0"/></method><counter type="INSTRUCTION" missed="20" covered="30"/><counter type="LINE" missed="0" covered="1"/><counter type="COMPLEXITY" missed="2" covered="2"/><counter type="METHOD" missed="2" covered="2"/><counter type="CLASS" missed="0" covered="1"/></class><class name="com/stehno/gradle/natives/ext/Platform$_fromOs_closure2"><method name="&lt;init&gt;" desc="(Ljava/lang/Object;Ljava/lang/Object;Lgroovy/lang/Reference;)V"><counter type="INSTRUCTION" missed="15" covered="0"/><counter type="COMPLEXITY" missed="1" covered="0"/><counter type="METHOD" missed="1" covered="0"/></method><method name="doCall" desc="(Ljava/lang/Object;)Ljava/lang/Object;" line="57"><counter type="INSTRUCTION" missed="15" covered="0"/><counter type="LINE" missed="1" covered="0"/><counter type="COMPLEXITY" missed="1" covered="0"/><counter type="METHOD" missed="1" covered="0"/></method><method name="getOs" desc="()Ljava/lang/String;"><counter type="INSTRUCTION" missed="10" covered="0"/><counter type="COMPLEXITY" missed="1" covered="0"/><counter type="METHOD" missed="1" covered="0"/></method><method name="doCall" desc="()Ljava/lang/Object;"><counter type="INSTRUCTION" missed="8" covered="0"/><counter type="COMPLEXITY" missed="1" covered="0"/><counter type="METHOD" missed="1" covered="0"/></method><counter type="INSTRUCTION" missed="48" covered="0"/><counter type="LINE" missed="1" covered="0"/><counter type="COMPLEXITY" missed="4" covered="0"/><counter type="METHOD" missed="4" covered="0"/><counter type="CLASS" missed="1" covered="0"/></class><class name="com/stehno/gradle/natives/ext/LibraryFilter"><method name="&lt;init&gt;" desc="()V" line="29"><counter type="INSTRUCTION" missed="0" covered="34"/><counter type="LINE" missed="0" covered="2"/><counter type="COMPLEXITY" missed="0" covered="1"/><counter type="METHOD" missed="0" covered="1"/></method><method name="getInclude" desc="()Ljava/util/Collection;"><counter type="INSTRUCTION" missed="0" covered="3"/><counter type="COMPLEXITY" missed="0" covered="1"/><counter type="METHOD" missed="0" covered="1"/></method><method name="setInclude" desc="(Ljava/util/Collection;)V"><counter type="INSTRUCTION" missed="0" covered="4"/><counter type="COMPLEXITY" missed="0" covered="1"/><counter type="METHOD" missed="0" covered="1"/></method><method name="getExclude" desc="()Ljava/util/Collection;"><counter type="INSTRUCTION" missed="0" covered="3"/><counter type="COMPLEXITY" missed="0" covered="1"/><counter type="METHOD" missed="0" covered="1"/></method><method name="setExclude" desc="(Ljava/util/Collection;)V"><counter type="INSTRUCTION" missed="0" covered="4"/><counter type="COMPLEXITY" missed="0" covered="1"/><counter type="METHOD" missed="0" covered="1"/></method><counter type="INSTRUCTION" missed="0" covered="48"/><counter type="LINE" missed="0" covered="2"/><counter type="COMPLEXITY" missed="0" covered="5"/><counter type="METHOD" missed="0" covered="5"/><counter type="CLASS" missed="0" covered="1"/></class><class name="com/stehno/gradle/natives/ext/Platform"><method name="&lt;init&gt;" desc="(Ljava/lang/String;ILjava/lang/String;Ljava/util/Collection;)V" line="30"><counter type="INSTRUCTION" missed="0" covered="47"/><counter type="LINE" missed="0" covered="3"/><counter type="COMPLEXITY" missed="0" covered="1"/><counter type="METHOD" missed="0" covered="1"/></method><method name="acceptsExtension" desc="(Ljava/lang/String;)Z" line="44"><counter type="INSTRUCTION" missed="9" covered="22"/><counter type="LINE" missed="0" covered="1"/><counter type="COMPLEXITY" missed="0" covered="1"/><counter type="METHOD" missed="0" covered="1"/></method><method name="fromOs" desc="(Ljava/lang/String;)Lcom/stehno/gradle/natives/ext/Platform;" line="57"><counter type="INSTRUCTION" missed="54" covered="0"/><counter type="BRANCH" missed="4" covered="0"/><counter type="LINE" missed="1" covered="0"/><counter type="COMPLEXITY" missed="3" covered="0"/><counter type="METHOD" missed="1" covered="0"/></method><method name="all" desc="()Ljava/util/Collection;" line="66"><counter type="INSTRUCTION" missed="14" covered="12"/><counter type="BRANCH" missed="2" covered="2"/><counter type="LINE" missed="0" covered="1"/><counter type="COMPLEXITY" missed="2" covered="1"/><counter type="METHOD" missed="0" covered="1"/></method><method name="current" desc="()Lcom/stehno/gradle/natives/ext/Platform;" line="75"><counter type="INSTRUCTION" missed="129" covered="0"/><counter type="BRANCH" missed="10" covered="0"/><counter type="LINE" missed="9" covered="0"/><counter type="COMPLEXITY" missed="6" covered="0"/><counter type="METHOD" missed="1" covered="0"/></method><method name="values" desc="()[Lcom/stehno/gradle/natives/ext/Platform;"><counter type="INSTRUCTION" missed="2" covered="8"/><counter type="COMPLEXITY" missed="0" covered="1"/><counter type="METHOD" missed="0" covered="1"/></method><method name="valueOf" desc="(Ljava/lang/String;)Lcom/stehno/gradle/natives/ext/Platform;"><counter type="INSTRUCTION" missed="16" covered="0"/><counter type="COMPLEXITY" missed="1" covered="0"/><counter type="METHOD" missed="1" covered="0"/></method><method name="&lt;clinit&gt;" desc="()V" line="25"><counter type="INSTRUCTION" missed="0" covered="111"/><counter type="LINE" missed="0" covered="3"/><counter type="COMPLEXITY" missed="0" covered="1"/><counter type="METHOD" missed="0" covered="1"/></method><method name="toString" desc="()Ljava/lang/String;"><counter type="INSTRUCTION" missed="106" covered="110"/><counter type="BRANCH" missed="12" covered="8"/><counter type="COMPLEXITY" missed="10" covered="1"/><counter type="METHOD" missed="0" covered="1"/></method><method name="getOs" desc="()Ljava/lang/String;"><counter type="INSTRUCTION" missed="0" covered="3"/><counter type="COMPLEXITY" missed="0" covered="1"/><counter type="METHOD" missed="0" covered="1"/></method><method name="getExtensions" desc="()Ljava/util/Set;"><counter type="INSTRUCTION" missed="0" covered="3"/><counter type="COMPLEXITY" missed="0" covered="1"/><counter type="METHOD" missed="0" covered="1"/></method><counter type="INSTRUCTION" missed="330" covered="316"/><counter type="BRANCH" missed="28" covered="10"/><counter type="LINE" missed="10" covered="8"/><counter type="COMPLEXITY" missed="22" covered="8"/><counter type="METHOD" missed="3" covered="8"/><counter type="CLASS" missed="0" covered="1"/></class><class name="com/stehno/gradle/natives/ext/NativesExtension"><method name="&lt;init&gt;" desc="()V" line="26"><counter type="INSTRUCTION" missed="0" covered="70"/><counter type="LINE" missed="0" covered="3"/><counter type="COMPLEXITY" missed="0" covered="1"/><counter type="METHOD" missed="0" covered="1"/></method><method name="libraries" desc="(Lgroovy/lang/Closure;)V" line="52"><counter type="INSTRUCTION" missed="0" covered="38"/><counter type="LINE" missed="0" covered="4"/><counter type="COMPLEXITY" missed="0" covered="1"/><counter type="METHOD" missed="0" covered="1"/></method><method name="getLibraries" desc="()Lcom/stehno/gradle/natives/ext/LibraryFilter;" line="59"><counter type="INSTRUCTION" missed="2" covered="5"/><counter type="LINE" missed="0" covered="1"/><counter type="COMPLEXITY" missed="0" covered="1"/><counter type="METHOD" missed="0" covered="1"/></method><method name="getConfigurations" desc="()Ljava/util/Collection;"><counter type="INSTRUCTION" missed="0" covered="3"/><counter type="COMPLEXITY" missed="0" covered="1"/><counter type="METHOD" missed="0" covered="1"/></method><method name="setConfigurations" desc="(Ljava/util/Collection;)V"><counter type="INSTRUCTION" missed="4" covered="0"/><counter type="COMPLEXITY" missed="1" covered="0"/><counter type="METHOD" missed="1" covered="0"/></method><method name="getPlatforms" desc="()Ljava/util/Collection;"><counter type="INSTRUCTION" missed="0" covered="3"/><counter type="COMPLEXITY" missed="0" covered="1"/><counter type="METHOD" missed="0" covered="1"/></method><method name="setPlatforms" desc="(Ljava/util/Collection;)V"><counter type="INSTRUCTION" missed="0" covered="4"/><counter type="COMPLEXITY" missed="0" covered="1"/><counter type="METHOD" missed="0" covered="1"/></method><method name="getOutputDir" desc="()Ljava/lang/String;"><counter type="INSTRUCTION" missed="0" covered="3"/><counter type="COMPLEXITY" missed="0" covered="1"/><counter type="METHOD" missed="0" covered="1"/></method><method name="setOutputDir" desc="(Ljava/lang/String;)V"><counter type="INSTRUCTION" missed="0" covered="4"/><counter type="COMPLEXITY" missed="0" covered="1"/><counter type="METHOD" missed="0" covered="1"/></method><counter type="INSTRUCTION" missed="6" covered="130"/><counter type="LINE" missed="0" covered="8"/><counter type="COMPLEXITY" missed="1" covered="8"/><counter type="METHOD" missed="1" covered="8"/><counter type="CLASS" missed="0" covered="1"/></class><sourcefile name="NativesExtension.groovy"><line nr="26" mi="0" ci="15" mb="0" cb="0"/><line nr="32" mi="0" ci="18" mb="0" cb="0"/><line nr="37" mi="0" ci="33" mb="0" cb="0"/><line nr="52" mi="0" ci="8" mb="0" cb="0"/><line nr="53" mi="0" ci="10" mb="0" cb="0"/><line nr="54" mi="0" ci="6" mb="0" cb="0"/><line nr="55" mi="0" ci="12" mb="0" cb="0"/><line nr="59" mi="2" ci="3" mb="0" cb="0"/><counter type="INSTRUCTION" missed="6" covered="130"/><counter type="LINE" missed="0" covered="8"/><counter type="COMPLEXITY" missed="1" covered="8"/><counter type="METHOD" missed="1" covered="8"/><counter type="CLASS" missed="0" covered="1"/></sourcefile><sourcefile name="Platform.groovy"><line nr="25" mi="0" ci="25" mb="0" cb="0"/><line nr="26" mi="0" ci="25" mb="0" cb="0"/><line nr="27" mi="0" ci="53" mb="0" cb="0"/><line nr="30" mi="0" ci="22" mb="0" cb="0"/><line nr="33" mi="0" ci="10" mb="0" cb="0"/><line nr="34" mi="0" ci="9" mb="0" cb="0"/><line nr="44" mi="9" ci="14" mb="0" cb="0"/><line nr="45" mi="2" ci="13" mb="0" cb="0"/><line nr="57" mi="59" ci="0" mb="4" cb="0"/><line nr="66" mi="14" ci="10" mb="2" cb="2"/><line nr="75" mi="4" ci="0" mb="0" cb="0"/><line nr="77" mi="15" ci="0" mb="0" cb="0"/><line nr="78" mi="16" ci="0" mb="2" cb="0"/><line nr="79" mi="15" ci="0" mb="0" cb="0"/><line nr="81" mi="28" ci="0" mb="6" cb="0"/><line nr="82" mi="15" ci="0" mb="0" cb="0"/><line nr="84" mi="16" ci="0" mb="2" cb="0"/><line nr="85" mi="14" ci="0" mb="0" cb="0"/><line nr="88" mi="4" ci="0" mb="0" cb="0"/><counter type="INSTRUCTION" missed="398" covered="346"/><counter type="BRANCH" missed="28" covered="10"/><counter type="LINE" missed="10" covered="9"/><counter type="COMPLEXITY" missed="28" covered="10"/><counter type="METHOD" missed="9" covered="10"/><counter type="CLASS" missed="1" covered="2"/></sourcefile><sourcefile name="LibraryFilter.groovy"><line nr="29" mi="0" ci="10" mb="0" cb="0"/><line nr="34" mi="0" ci="20" mb="0" cb="0"/><counter type="INSTRUCTION" missed="0" covered="48"/><counter type="LINE" missed="0" covered="2"/><counter type="COMPLEXITY" missed="0" covered="5"/><counter type="METHOD" missed="0" covered="5"/><counter type="CLASS" missed="0" covered="1"/></sourcefile><counter type="INSTRUCTION" missed="404" covered="524"/><counter type="BRANCH" missed="28" covered="10"/><counter type="LINE" missed="10" covered="19"/><counter type="COMPLEXITY" missed="29" covered="23"/><counter type="METHOD" missed="10" covered="23"/><counter type="CLASS" missed="1" covered="4"/></package><package name="com/stehno/gradle/natives"><class name="com/stehno/gradle/natives/NativeLibResolver$_resolveNames_closure1"><method name="&lt;init&gt;" desc="(Ljava/lang/Object;Ljava/lang/Object;Lgroovy/lang/Reference;Lgroovy/lang/Reference;)V"><counter type="INSTRUCTION" missed="0" covered="21"/><counter type="COMPLEXITY" missed="0" covered="1"/><counter type="METHOD" missed="0" covered="1"/></method><method name="doCall" desc="(Ljava/io/File;)Ljava/lang/Object;" line="48"><counter type="INSTRUCTION" missed="2" covered="44"/><counter type="LINE" missed="0" covered="2"/><counter type="COMPLEXITY" missed="0" covered="1"/><counter type="METHOD" missed="0" covered="1"/></method><method name="call" desc="(Ljava/io/File;)Ljava/lang/Object;"><counter type="INSTRUCTION" missed="14" covered="0"/><counter type="COMPLEXITY" missed="1" covered="0"/><counter type="METHOD" missed="1" covered="0"/></method><method name="getExtension" desc="()Lcom/stehno/gradle/natives/ext/NativesExtension;"><counter type="INSTRUCTION" missed="9" covered="0"/><counter type="COMPLEXITY" missed="1" covered="0"/><counter type="METHOD" missed="1" covered="0"/></method><method name="getFoundLibs" desc="()Ljava/util/Map;"><counter type="INSTRUCTION" missed="9" covered="0"/><counter type="COMPLEXITY" missed="1" covered="0"/><counter type="METHOD" missed="1" covered="0"/></method><counter type="INSTRUCTION" missed="34" covered="65"/><counter type="LINE" missed="0" covered="2"/><counter type="COMPLEXITY" missed="3" covered="2"/><counter type="METHOD" missed="3" covered="2"/><counter type="CLASS" missed="0" covered="1"/></class><class name="com/stehno/gradle/natives/ListNativesTask"><method name="&lt;init&gt;" desc="()V" line="32"><counter type="INSTRUCTION" missed="0" covered="42"/><counter type="LINE" missed="0" covered="3"/><counter type="COMPLEXITY" missed="0" covered="1"/><counter type="METHOD" missed="0" covered="1"/></method><method name="listNatives" desc="()V" line="38"><counter type="INSTRUCTION" missed="3" covered="68"/><counter type="BRANCH" missed="1" covered="1"/><counter type="LINE" missed="0" covered="3"/><counter type="COMPLEXITY" missed="1" covered="1"/><counter type="METHOD" missed="0" covered="1"/></method><counter type="INSTRUCTION" missed="3" covered="110"/><counter type="BRANCH" missed="1" covered="1"/><counter type="LINE" missed="0" covered="6"/><counter type="COMPLEXITY" missed="1" covered="2"/><counter type="METHOD" missed="0" covered="2"/><counter type="CLASS" missed="0" covered="1"/></class><class name="com/stehno/gradle/natives/NativeLibResolver$_findDependencyArtifacts_closure7"><method name="&lt;init&gt;" desc="(Ljava/lang/Object;Ljava/lang/Object;Lgroovy/lang/Reference;Lgroovy/lang/Reference;)V"><counter type="INSTRUCTION" missed="0" covered="21"/><counter type="COMPLEXITY" missed="0" covered="1"/><counter type="METHOD" missed="0" covered="1"/></method><method name="doCall" desc="(Ljava/lang/String;)Ljava/lang/Object;" line="106"><counter type="INSTRUCTION" missed="2" covered="19"/><counter type="LINE" missed="0" covered="1"/><counter type="COMPLEXITY" missed="0" covered="1"/><counter type="METHOD" missed="0" covered="1"/></method><method name="call" desc="(Ljava/lang/String;)Ljava/lang/Object;"><counter type="INSTRUCTION" missed="6" covered="0"/><counter type="COMPLEXITY" missed="1" covered="0"/><counter type="METHOD" missed="1" covered="0"/></method><method name="getProject" desc="()Lorg/gradle/api/Project;"><counter type="INSTRUCTION" missed="9" covered="0"/><counter type="COMPLEXITY" missed="1" covered="0"/><counter type="METHOD" missed="1" covered="0"/></method><method name="getCoords" desc="()Ljava/util/Set;"><counter type="INSTRUCTION" missed="9" covered="0"/><counter type="COMPLEXITY" missed="1" covered="0"/><counter type="METHOD" missed="1" covered="0"/></method><counter type="INSTRUCTION" missed="26" covered="40"/><counter type="LINE" missed="0" covered="1"/><counter type="COMPLEXITY" missed="3" covered="2"/><counter type="METHOD" missed="3" covered="2"/><counter type="CLASS" missed="0" covered="1"/></class><class name="com/stehno/gradle/natives/NativeLibResolver$_resolveNames_closure1$_closure10"><method name="&lt;init&gt;" desc="(Ljava/lang/Object;Ljava/lang/Object;Lgroovy/lang/Reference;Lgroovy/lang/Reference;Lgroovy/lang/Reference;)V"><counter type="INSTRUCTION" missed="0" covered="29"/><counter type="COMPLEXITY" missed="0" covered="1"/><counter type="METHOD" missed="0" covered="1"/></method><method name="doCall" desc="(Lcom/stehno/gradle/natives/ext/Platform;)Ljava/lang/Object;" line="51"><counter type="INSTRUCTION" missed="2" covered="44"/><counter type="LINE" missed="0" covered="2"/><counter type="COMPLEXITY" missed="0" covered="1"/><counter type="METHOD" missed="0" covered="1"/></method><method name="call" desc="(Lcom/stehno/gradle/natives/ext/Platform;)Ljava/lang/Object;"><counter type="INSTRUCTION" missed="14" covered="0"/><counter type="COMPLEXITY" missed="1" covered="0"/><counter type="METHOD" missed="1" covered="0"/></method><method name="getExtension" desc="()Lcom/stehno/gradle/natives/ext/NativesExtension;"><counter type="INSTRUCTION" missed="9" covered="0"/><counter type="COMPLEXITY" missed="1" covered="0"/><counter type="METHOD" missed="1" covered="0"/></method><method name="getArtifactFile" desc="()Ljava/io/File;"><counter type="INSTRUCTION" missed="9" covered="0"/><counter type="COMPLEXITY" missed="1" covered="0"/><counter type="METHOD" missed="1" covered="0"/></method><method name="getFoundLibs" desc="()Ljava/util/Map;"><counter type="INSTRUCTION" missed="9" covered="0"/><counter type="COMPLEXITY" missed="1" covered="0"/><counter type="METHOD" missed="1" covered="0"/></method><counter type="INSTRUCTION" missed="43" covered="73"/><counter type="LINE" missed="0" covered="2"/><counter type="COMPLEXITY" missed="4" covered="2"/><counter type="METHOD" missed="4" covered="2"/><counter type="CLASS" missed="0" covered="1"/></class><class name="com/stehno/gradle/natives/NativeLibResolver$_findNatives_closure5"><method name="&lt;init&gt;" desc="(Ljava/lang/Object;Ljava/lang/Object;Lgroovy/lang/Reference;)V"><counter type="INSTRUCTION" missed="0" covered="13"/><counter type="COMPLEXITY" missed="0" covered="1"/><counter type="METHOD" missed="0" covered="1"/></method><method name="doCall" desc="(Ljava/lang/Object;)Ljava/lang/Object;" line="94"><counter type="INSTRUCTION" missed="16" covered="43"/><counter type="BRANCH" missed="4" covered="10"/><counter type="LINE" missed="0" covered="1"/><counter type="COMPLEXITY" missed="3" covered="5"/><counter type="METHOD" missed="0" covered="1"/></method><method name="getFilter" desc="()Lcom/stehno/gradle/natives/ext/LibraryFilter;"><counter type="INSTRUCTION" missed="9" covered="0"/><counter type="COMPLEXITY" missed="1" covered="0"/><counter type="METHOD" missed="1" covered="0"/></method><method name="call" desc="(Ljava/lang/Object;)Ljava/lang/Object;"><counter type="INSTRUCTION" missed="6" covered="0"/><counter type="COMPLEXITY" missed="1" covered="0"/><counter type="METHOD" missed="1" covered="0"/></method><method name="call" desc="()Ljava/lang/Object;"><counter type="INSTRUCTION" missed="6" covered="0"/><counter type="COMPLEXITY" missed="1" covered="0"/><counter type="METHOD" missed="1" covered="0"/></method><counter type="INSTRUCTION" missed="37" covered="56"/><counter type="BRANCH" missed="4" covered="10"/><counter type="LINE" missed="0" covered="1"/><counter type="COMPLEXITY" missed="6" covered="6"/><counter type="METHOD" missed="3" covered="2"/><counter type="CLASS" missed="0" covered="1"/></class><class name="com/stehno/gradle/natives/NativeLibResolver$_findNatives_closure6"><method name="&lt;init&gt;" desc="(Ljava/lang/Object;Ljava/lang/Object;Lgroovy/lang/Reference;Lgroovy/lang/Reference;Lgroovy/lang/Reference;)V"><counter type="INSTRUCTION" missed="0" covered="29"/><counter type="COMPLEXITY" missed="0" covered="1"/><counter type="METHOD" missed="0" covered="1"/></method><method name="doCall" desc="(Ljava/lang/Object;)Ljava/lang/Object;" line="96"><counter type="INSTRUCTION" missed="2" covered="27"/><counter type="LINE" missed="0" covered="1"/><counter type="COMPLEXITY" missed="0" covered="1"/><counter type="METHOD" missed="0" covered="1"/></method><method name="getExtractor" desc="()Lgroovy/lang/Closure;"><counter type="INSTRUCTION" missed="9" covered="0"/><counter type="COMPLEXITY" missed="1" covered="0"/><counter type="METHOD" missed="1" covered="0"/></method><method name="getJar" desc="()Ljava/util/jar/JarFile;"><counter type="INSTRUCTION" missed="9" covered="0"/><counter type="COMPLEXITY" missed="1" covered="0"/><counter type="METHOD" missed="1" covered="0"/></method><method name="getLibs" desc="()Ljava/util/Set;"><counter type="INSTRUCTION" missed="9" covered="0"/><counter type="COMPLEXITY" missed="1" covered="0"/><counter type="METHOD" missed="1" covered="0"/></method><method name="call" desc="(Ljava/lang/Object;)Ljava/lang/Object;"><counter type="INSTRUCTION" missed="2" covered="4"/><counter type="COMPLEXITY" missed="0" covered="1"/><counter type="METHOD" missed="0" covered="1"/></method><method name="call" desc="()Ljava/lang/Object;"><counter type="INSTRUCTION" missed="6" covered="0"/><counter type="COMPLEXITY" missed="1" covered="0"/><counter type="METHOD" missed="1" covered="0"/></method><counter type="INSTRUCTION" missed="37" covered="60"/><counter type="LINE" missed="0" covered="1"/><counter type="COMPLEXITY" missed="4" covered="3"/><counter type="METHOD" missed="4" covered="3"/><counter type="CLASS" missed="0" covered="1"/></class><class name="com/stehno/gradle/natives/NativeLibResolver$_findNatives_closure3"><method name="&lt;init&gt;" desc="(Ljava/lang/Object;Ljava/lang/Object;Lgroovy/lang/Reference;)V"><counter type="INSTRUCTION" missed="0" covered="13"/><counter type="COMPLEXITY" missed="0" covered="1"/><counter type="METHOD" missed="0" covered="1"/></method><method name="doCall" desc="(Ljava/util/jar/JarEntry;)Ljava/lang/Object;" line="90"><counter type="INSTRUCTION" missed="2" covered="10"/><counter type="LINE" missed="0" covered="1"/><counter type="COMPLEXITY" missed="0" covered="1"/><counter type="METHOD" missed="0" covered="1"/></method><method name="call" desc="(Ljava/util/jar/JarEntry;)Ljava/lang/Object;"><counter type="INSTRUCTION" missed="6" covered="0"/><counter type="COMPLEXITY" missed="1" covered="0"/><counter type="METHOD" missed="1" covered="0"/></method><method name="getPlatform" desc="()Lcom/stehno/gradle/natives/ext/Platform;"><counter type="INSTRUCTION" missed="10" covered="0"/><counter type="COMPLEXITY" missed="1" covered="0"/><counter type="METHOD" missed="1" covered="0"/></method><counter type="INSTRUCTION" missed="18" covered="23"/><counter type="LINE" missed="0" covered="1"/><counter type="COMPLEXITY" missed="2" covered="2"/><counter type="METHOD" missed="2" covered="2"/><counter type="CLASS" missed="0" covered="1"/></class><class name="com/stehno/gradle/natives/NativeLibResolver$_findNatives_closure4"><method name="&lt;init&gt;" desc="(Ljava/lang/Object;Ljava/lang/Object;Lgroovy/lang/Reference;)V"><counter type="INSTRUCTION" missed="0" covered="13"/><counter type="COMPLEXITY" missed="0" covered="1"/><counter type="METHOD" missed="0" covered="1"/></method><method name="doCall" desc="(Ljava/lang/Object;)Ljava/lang/Object;" line="92"><counter type="INSTRUCTION" missed="16" covered="39"/><counter type="BRANCH" missed="4" covered="8"/><counter type="LINE" missed="0" covered="1"/><counter type="COMPLEXITY" missed="3" covered="4"/><counter type="METHOD" missed="0" covered="1"/></method><method name="getFilter" desc="()Lcom/stehno/gradle/natives/ext/LibraryFilter;"><counter type="INSTRUCTION" missed="9" covered="0"/><counter type="COMPLEXITY" missed="1" covered="0"/><counter type="METHOD" missed="1" covered="0"/></method><method name="call" desc="(Ljava/lang/Object;)Ljava/lang/Object;"><counter type="INSTRUCTION" missed="6" covered="0"/><counter type="COMPLEXITY" missed="1" covered="0"/><counter type="METHOD" missed="1" covered="0"/></method><method name="call" desc="()Ljava/lang/Object;"><counter type="INSTRUCTION" missed="6" covered="0"/><counter type="COMPLEXITY" missed="1" covered="0"/><counter type="METHOD" missed="1" covered="0"/></method><counter type="INSTRUCTION" missed="37" covered="52"/><counter type="BRANCH" missed="4" covered="8"/><counter type="LINE" missed="0" covered="1"/><counter type="COMPLEXITY" missed="6" covered="5"/><counter type="METHOD" missed="3" covered="2"/><counter type="CLASS" missed="0" covered="1"/></class><class name="com/stehno/gradle/natives/NativeLibResolver$_resolveNames_closure1$_closure10$_closure11"><method name="&lt;init&gt;" desc="(Ljava/lang/Object;Ljava/lang/Object;)V"><counter type="INSTRUCTION" missed="0" covered="5"/><counter type="COMPLEXITY" missed="0" covered="1"/><counter type="METHOD" missed="0" covered="1"/></method><method name="doCall" desc="(Ljava/util/jar/JarFile;Ljava/util/jar/JarEntry;)Ljava/lang/Object;" line="51"><counter type="INSTRUCTION" missed="2" covered="4"/><counter type="LINE" missed="0" covered="1"/><counter type="COMPLEXITY" missed="0" covered="1"/><counter type="METHOD" missed="0" covered="1"/></method><method name="call" desc="(Ljava/util/jar/JarFile;Ljava/util/jar/JarEntry;)Ljava/lang/Object;"><counter type="INSTRUCTION" missed="7" covered="0"/><counter type="COMPLEXITY" missed="1" covered="0"/><counter type="METHOD" missed="1" covered="0"/></method><counter type="INSTRUCTION" missed="9" covered="9"/><counter type="LINE" missed="0" covered="1"/><counter type="COMPLEXITY" missed="1" covered="2"/><counter type="METHOD" missed="1" covered="2"/><counter type="CLASS" missed="0" covered="1"/></class><class name="com/stehno/gradle/natives/NativeLibResolver$_resolveNames_closure1$_closure10$_closure12"><method name="&lt;init&gt;" desc="(Ljava/lang/Object;Ljava/lang/Object;Lgroovy/lang/Reference;Lgroovy/lang/Reference;Lgroovy/lang/Reference;)V"><counter type="INSTRUCTION" missed="0" covered="29"/><counter type="COMPLEXITY" missed="0" covered="1"/><counter type="METHOD" missed="0" covered="1"/></method><method name="doCall" desc="(Ljava/lang/String;)Ljava/lang/Object;" line="53"><counter type="INSTRUCTION" missed="2" covered="24"/><counter type="LINE" missed="0" covered="1"/><counter type="COMPLEXITY" missed="0" covered="1"/><counter type="METHOD" missed="0" covered="1"/></method><method name="call" desc="(Ljava/lang/String;)Ljava/lang/Object;"><counter type="INSTRUCTION" missed="6" covered="0"/><counter type="COMPLEXITY" missed="1" covered="0"/><counter type="METHOD" missed="1" covered="0"/></method><method name="getArtifactFile" desc="()Ljava/io/File;"><counter type="INSTRUCTION" missed="9" covered="0"/><counter type="COMPLEXITY" missed="1" covered="0"/><counter type="METHOD" missed="1" covered="0"/></method><method name="getFoundLibs" desc="()Ljava/util/Map;"><counter type="INSTRUCTION" missed="9" covered="0"/><counter type="COMPLEXITY" missed="1" covered="0"/><counter type="METHOD" missed="1" covered="0"/></method><method name="getPlatform" desc="()Lcom/stehno/gradle/natives/ext/Platform;"><counter type="INSTRUCTION" missed="10" covered="0"/><counter type="COMPLEXITY" missed="1" covered="0"/><counter type="METHOD" missed="1" covered="0"/></method><counter type="INSTRUCTION" missed="36" covered="53"/><counter type="LINE" missed="0" covered="1"/><counter type="COMPLEXITY" missed="4" covered="2"/><counter type="METHOD" missed="4" covered="2"/><counter type="CLASS" missed="0" covered="1"/></class><class name="com/stehno/gradle/natives/IncludeNativesTask"><method name="&lt;init&gt;" desc="()V" line="33"><counter type="INSTRUCTION" missed="0" covered="32"/><counter type="LINE" missed="0" covered="2"/><counter type="COMPLEXITY" missed="0" covered="1"/><counter type="METHOD" missed="0" covered="1"/></method><method name="includeNatives" desc="()V" line="38"><counter type="INSTRUCTION" missed="3" covered="77"/><counter type="BRANCH" missed="1" covered="1"/><counter type="LINE" missed="0" covered="3"/><counter type="COMPLEXITY" missed="1" covered="1"/><counter type="METHOD" missed="0" covered="1"/></method><method name="outputDir" desc="(Lcom/stehno/gradle/natives/ext/Platform;Ljava/lang/String;)Ljava/io/File;" line="56"><counter type="INSTRUCTION" missed="4" covered="50"/><counter type="BRANCH" missed="1" covered="1"/><counter type="LINE" missed="0" covered="2"/><counter type="COMPLEXITY" missed="1" covered="1"/><counter type="METHOD" missed="0" covered="1"/></method><counter type="INSTRUCTION" missed="7" covered="159"/><counter type="BRANCH" missed="2" covered="2"/><counter type="LINE" missed="0" covered="7"/><counter type="COMPLEXITY" missed="2" covered="3"/><counter type="METHOD" missed="0" covered="3"/><counter type="CLASS" missed="0" covered="1"/></class><class name="com/stehno/gradle/natives/NativeLibFile"><method name="&lt;init&gt;" desc="(Ljava/util/HashMap;)V"><counter type="INSTRUCTION" missed="48" covered="118"/><counter type="BRANCH" missed="4" covered="4"/><counter type="COMPLEXITY" missed="4" covered="1"/><counter type="METHOD" missed="0" covered="1"/></method><method name="&lt;init&gt;" desc="()V"><counter type="INSTRUCTION" missed="11" covered="0"/><counter type="COMPLEXITY" missed="1" covered="0"/><counter type="METHOD" missed="1" covered="0"/></method><method name="&lt;init&gt;" desc="(Lcom/stehno/gradle/natives/ext/Platform;Ljava/util/jar/JarFile;Ljava/util/jar/JarEntry;)V"><counter type="INSTRUCTION" missed="0" covered="35"/><counter type="COMPLEXITY" missed="0" covered="1"/><counter type="METHOD" missed="0" covered="1"/></method><method name="hashCode" desc="()I"><counter type="INSTRUCTION" missed="6" covered="122"/><counter type="BRANCH" missed="7" covered="7"/><counter type="COMPLEXITY" missed="7" covered="1"/><counter type="METHOD" missed="0" covered="1"/></method><method name="equals" desc="(Ljava/lang/Object;)Z"><counter type="INSTRUCTION" missed="102" covered="0"/><counter type="BRANCH" missed="20" covered="0"/><counter type="COMPLEXITY" missed="11" covered="0"/><counter type="METHOD" missed="1" covered="0"/></method><method name="toString" desc="()Ljava/lang/String;"><counter type="INSTRUCTION" missed="401" covered="0"/><counter type="BRANCH" missed="54" covered="0"/><counter type="COMPLEXITY" missed="28" covered="0"/><counter type="METHOD" missed="1" covered="0"/></method><method name="getPlatform" desc="()Lcom/stehno/gradle/natives/ext/Platform;"><counter type="INSTRUCTION" missed="2" covered="5"/><counter type="COMPLEXITY" missed="0" covered="1"/><counter type="METHOD" missed="0" covered="1"/></method><method name="getJar" desc="()Ljava/util/jar/JarFile;"><counter type="INSTRUCTION" missed="2" covered="5"/><counter type="COMPLEXITY" missed="0" covered="1"/><counter type="METHOD" missed="0" covered="1"/></method><method name="getEntry" desc="()Ljava/util/jar/JarEntry;"><counter type="INSTRUCTION" missed="8" covered="21"/><counter type="BRANCH" missed="1" covered="1"/><counter type="COMPLEXITY" missed="1" covered="1"/><counter type="METHOD" missed="0" covered="1"/></method><counter type="INSTRUCTION" missed="580" covered="306"/><counter type="BRANCH" missed="86" covered="12"/><counter type="COMPLEXITY" missed="52" covered="6"/><counter type="METHOD" missed="3" covered="6"/><counter type="CLASS" missed="0" covered="1"/></class><class name="com/stehno/gradle/natives/NativeLibResolver$_collectDependencies_closure8"><method name="&lt;init&gt;" desc="(Ljava/lang/Object;Ljava/lang/Object;Lgroovy/lang/Reference;)V"><counter type="INSTRUCTION" missed="0" covered="13"/><counter type="COMPLEXITY" missed="0" covered="1"/><counter type="METHOD" missed="0" covered="1"/></method><method name="doCall" desc="(Lorg/gradle/api/artifacts/ResolvedArtifact;)Ljava/lang/Object;" line="116"><counter type="INSTRUCTION" missed="2" covered="10"/><counter type="LINE" missed="0" covered="1"/><counter type="COMPLEXITY" missed="0" covered="1"/><counter type="METHOD" missed="0" covered="1"/></method><method name="call" desc="(Lorg/gradle/api/artifacts/ResolvedArtifact;)Ljava/lang/Object;"><counter type="INSTRUCTION" missed="6" covered="0"/><counter type="COMPLEXITY" missed="1" covered="0"/><counter type="METHOD" missed="1" covered="0"/></method><method name="getFound" desc="()Ljava/util/Set;"><counter type="INSTRUCTION" missed="9" covered="0"/><counter type="COMPLEXITY" missed="1" covered="0"/><counter type="METHOD" missed="1" covered="0"/></method><counter type="INSTRUCTION" missed="17" covered="23"/><counter type="LINE" missed="0" covered="1"/><counter type="COMPLEXITY" missed="2" covered="2"/><counter type="METHOD" missed="2" covered="2"/><counter type="CLASS" missed="0" covered="1"/></class><class name="com/stehno/gradle/natives/NativeLibResolver$_collectDependencies_closure9"><method name="&lt;init&gt;" desc="(Ljava/lang/Object;Ljava/lang/Object;Lgroovy/lang/Reference;)V"><counter type="INSTRUCTION" missed="0" covered="13"/><counter type="COMPLEXITY" missed="0" covered="1"/><counter type="METHOD" missed="0" covered="1"/></method><method name="doCall" desc="(Ljava/lang/Object;)Ljava/lang/Object;" line="119"><counter type="INSTRUCTION" missed="2" covered="14"/><counter type="LINE" missed="0" covered="1"/><counter type="COMPLEXITY" missed="0" covered="1"/><counter type="METHOD" missed="0" covered="1"/></method><method name="getFound" desc="()Ljava/util/Set;"><counter type="INSTRUCTION" missed="9" covered="0"/><counter type="COMPLEXITY" missed="1" covered="0"/><counter type="METHOD" missed="1" covered="0"/></method><method name="call" desc="(Ljava/lang/Object;)Ljava/lang/Object;"><counter type="INSTRUCTION" missed="2" covered="4"/><counter type="COMPLEXITY" missed="0" covered="1"/><counter type="METHOD" missed="0" covered="1"/></method><method name="call" desc="()Ljava/lang/Object;"><counter type="INSTRUCTION" missed="6" covered="0"/><counter type="COMPLEXITY" missed="1" covered="0"/><counter type="METHOD" missed="1" covered="0"/></method><counter type="INSTRUCTION" missed="19" covered="31"/><counter type="LINE" missed="0" covered="1"/><counter type="COMPLEXITY" missed="2" covered="3"/><counter type="METHOD" missed="2" covered="3"/><counter type="CLASS" missed="0" covered="1"/></class><class name="com/stehno/gradle/natives/NativeLibResolver$_findDependencyArtifacts_closure7$_closure15"><method name="&lt;init&gt;" desc="(Ljava/lang/Object;Ljava/lang/Object;Lgroovy/lang/Reference;)V"><counter type="INSTRUCTION" missed="0" covered="13"/><counter type="COMPLEXITY" missed="0" covered="1"/><counter type="METHOD" missed="0" covered="1"/></method><method name="doCall" desc="(Lorg/gradle/api/artifacts/ResolvedDependency;)Ljava/lang/Object;" line="107"><counter type="INSTRUCTION" missed="2" covered="11"/><counter type="LINE" missed="0" covered="1"/><counter type="COMPLEXITY" missed="0" covered="1"/><counter type="METHOD" missed="0" covered="1"/></method><method name="call" desc="(Lorg/gradle/api/artifacts/ResolvedDependency;)Ljava/lang/Object;"><counter type="INSTRUCTION" missed="6" covered="0"/><counter type="COMPLEXITY" missed="1" covered="0"/><counter type="METHOD" missed="1" covered="0"/></method><method name="getCoords" desc="()Ljava/util/Set;"><counter type="INSTRUCTION" missed="9" covered="0"/><counter type="COMPLEXITY" missed="1" covered="0"/><counter type="METHOD" missed="1" covered="0"/></method><counter type="INSTRUCTION" missed="17" covered="24"/><counter type="LINE" missed="0" covered="1"/><counter type="COMPLEXITY" missed="2" covered="2"/><counter type="METHOD" missed="2" covered="2"/><counter type="CLASS" missed="0" covered="1"/></class><class name="com/stehno/gradle/natives/ListNativesTask$_listNatives_closure2$_closure3"><method name="&lt;init&gt;" desc="(Ljava/lang/Object;Ljava/lang/Object;)V"><counter type="INSTRUCTION" missed="0" covered="5"/><counter type="COMPLEXITY" missed="0" covered="1"/><counter type="METHOD" missed="0" covered="1"/></method><method name="doCall" desc="(Ljava/lang/Object;)Ljava/lang/Object;" line="45"><counter type="INSTRUCTION" missed="2" covered="45"/><counter type="LINE" missed="0" covered="1"/><counter type="COMPLEXITY" missed="0" covered="1"/><counter type="METHOD" missed="0" covered="1"/></method><method name="call" desc="(Ljava/lang/Object;)Ljava/lang/Object;"><counter type="INSTRUCTION" missed="2" covered="4"/><counter type="COMPLEXITY" missed="0" covered="1"/><counter type="METHOD" missed="0" covered="1"/></method><method name="call" desc="()Ljava/lang/Object;"><counter type="INSTRUCTION" missed="6" covered="0"/><counter type="COMPLEXITY" missed="1" covered="0"/><counter type="METHOD" missed="1" covered="0"/></method><counter type="INSTRUCTION" missed="10" covered="54"/><counter type="LINE" missed="0" covered="1"/><counter type="COMPLEXITY" missed="1" covered="3"/><counter type="METHOD" missed="1" covered="3"/><counter type="CLASS" missed="0" covered="1"/></class><class name="com/stehno/gradle/natives/IncludeNativesTask$_includeNatives_closure2$_closure3"><method name="&lt;init&gt;" desc="(Ljava/lang/Object;Ljava/lang/Object;Lgroovy/lang/Reference;)V"><counter type="INSTRUCTION" missed="0" covered="13"/><counter type="COMPLEXITY" missed="0" covered="1"/><counter type="METHOD" missed="0" covered="1"/></method><method name="doCall" desc="(Ljava/lang/Object;)Ljava/lang/Object;" line="45"><counter type="INSTRUCTION" missed="2" covered="105"/><counter type="BRANCH" missed="0" covered="4"/><counter type="LINE" missed="0" covered="4"/><counter type="COMPLEXITY" missed="0" covered="3"/><counter type="METHOD" missed="0" covered="1"/></method><method name="getExtension" desc="()Lcom/stehno/gradle/natives/ext/NativesExtension;"><counter type="INSTRUCTION" missed="9" covered="0"/><counter type="COMPLEXITY" missed="1" covered="0"/><counter type="METHOD" missed="1" covered="0"/></method><method name="call" desc="(Ljava/lang/Object;)Ljava/lang/Object;"><counter type="INSTRUCTION" missed="2" covered="4"/><counter type="COMPLEXITY" missed="0" covered="1"/><counter type="METHOD" missed="0" covered="1"/></method><method name="call" desc="()Ljava/lang/Object;"><counter type="INSTRUCTION" missed="6" covered="0"/><counter type="COMPLEXITY" missed="1" covered="0"/><counter type="METHOD" missed="1" covered="0"/></method><counter type="INSTRUCTION" missed="19" covered="122"/><counter type="BRANCH" missed="0" covered="4"/><counter type="LINE" missed="0" covered="4"/><counter type="COMPLEXITY" missed="2" covered="5"/><counter type="METHOD" missed="2" covered="3"/><counter type="CLASS" missed="0" covered="1"/></class><class name="com/stehno/gradle/natives/IncludeNativesTask$_includeNatives_closure2"><method name="&lt;init&gt;" desc="(Ljava/lang/Object;Ljava/lang/Object;Lgroovy/lang/Reference;)V"><counter type="INSTRUCTION" missed="0" covered="13"/><counter type="COMPLEXITY" missed="0" covered="1"/><counter type="METHOD" missed="0" covered="1"/></method><method name="doCall" desc="(Ljava/io/File;Ljava/util/List;)Ljava/lang/Object;" line="43"><counter type="INSTRUCTION" missed="2" covered="43"/><counter type="LINE" missed="0" covered="2"/><counter type="COMPLEXITY" missed="0" covered="1"/><counter type="METHOD" missed="0" covered="1"/></method><method name="call" desc="(Ljava/io/File;Ljava/util/List;)Ljava/lang/Object;"><counter type="INSTRUCTION" missed="7" covered="0"/><counter type="COMPLEXITY" missed="1" covered="0"/><counter type="METHOD" missed="1" covered="0"/></method><method name="getExtension" desc="()Lcom/stehno/gradle/natives/ext/NativesExtension;"><counter type="INSTRUCTION" missed="9" covered="0"/><counter type="COMPLEXITY" missed="1" covered="0"/><counter type="METHOD" missed="1" covered="0"/></method><counter type="INSTRUCTION" missed="18" covered="56"/><counter type="LINE" missed="0" covered="2"/><counter type="COMPLEXITY" missed="2" covered="2"/><counter type="METHOD" missed="2" covered="2"/><counter type="CLASS" missed="0" covered="1"/></class><class name="com/stehno/gradle/natives/IncludeNativesTask$_includeNatives_closure1"><method name="&lt;init&gt;" desc="(Ljava/lang/Object;Ljava/lang/Object;)V"><counter type="INSTRUCTION" missed="0" covered="5"/><counter type="COMPLEXITY" missed="0" covered="1"/><counter type="METHOD" missed="0" covered="1"/></method><method name="doCall" desc="(Ljava/io/File;Ljava/util/List;)Ljava/lang/Object;" line="42"><counter type="INSTRUCTION" missed="2" covered="2"/><counter type="LINE" missed="0" covered="1"/><counter type="COMPLEXITY" missed="0" covered="1"/><counter type="METHOD" missed="0" covered="1"/></method><method name="call" desc="(Ljava/io/File;Ljava/util/List;)Ljava/lang/Object;"><counter type="INSTRUCTION" missed="7" covered="0"/><counter type="COMPLEXITY" missed="1" covered="0"/><counter type="METHOD" missed="1" covered="0"/></method><counter type="INSTRUCTION" missed="9" covered="7"/><counter type="LINE" missed="0" covered="1"/><counter type="COMPLEXITY" missed="1" covered="2"/><counter type="METHOD" missed="1" covered="2"/><counter type="CLASS" missed="0" covered="1"/></class><class name="com/stehno/gradle/natives/NativeLibResolver$_resolveFiles_closure2$_closure13$_closure14"><method name="&lt;init&gt;" desc="(Ljava/lang/Object;Ljava/lang/Object;Lgroovy/lang/Reference;)V"><counter type="INSTRUCTION" missed="0" covered="13"/><counter type="COMPLEXITY" missed="0" covered="1"/><counter type="METHOD" missed="0" covered="1"/></method><method name="doCall" desc="(Ljava/util/jar/JarFile;Ljava/util/jar/JarEntry;)Ljava/lang/Object;" line="76"><counter type="INSTRUCTION" missed="2" covered="13"/><counter type="LINE" missed="0" covered="1"/><counter type="COMPLEXITY" missed="0" covered="1"/><counter type="METHOD" missed="0" covered="1"/></method><method name="call" desc="(Ljava/util/jar/JarFile;Ljava/util/jar/JarEntry;)Ljava/lang/Object;"><counter type="INSTRUCTION" missed="7" covered="0"/><counter type="COMPLEXITY" missed="1" covered="0"/><counter type="METHOD" missed="1" covered="0"/></method><method name="getPlatform" desc="()Lcom/stehno/gradle/natives/ext/Platform;"><counter type="INSTRUCTION" missed="10" covered="0"/><counter type="COMPLEXITY" missed="1" covered="0"/><counter type="METHOD" missed="1" covered="0"/></method><counter type="INSTRUCTION" missed="19" covered="26"/><counter type="LINE" missed="0" covered="1"/><counter type="COMPLEXITY" missed="2" covered="2"/><counter type="METHOD" missed="2" covered="2"/><counter type="CLASS" missed="0" covered="1"/></class><class name="com/stehno/gradle/natives/ListNativesTask$_listNatives_closure1"><method name="&lt;init&gt;" desc="(Ljava/lang/Object;Ljava/lang/Object;)V"><counter type="INSTRUCTION" missed="0" covered="5"/><counter type="COMPLEXITY" missed="0" covered="1"/><counter type="METHOD" missed="0" covered="1"/></method><method name="doCall" desc="(Ljava/io/File;Ljava/util/List;)Ljava/lang/Object;" line="42"><counter type="INSTRUCTION" missed="2" covered="2"/><counter type="LINE" missed="0" covered="1"/><counter type="COMPLEXITY" missed="0" covered="1"/><counter type="METHOD" missed="0" covered="1"/></method><method name="call" desc="(Ljava/io/File;Ljava/util/List;)Ljava/lang/Object;"><counter type="INSTRUCTION" missed="7" covered="0"/><counter type="COMPLEXITY" missed="1" covered="0"/><counter type="METHOD" missed="1" covered="0"/></method><counter type="INSTRUCTION" missed="9" covered="7"/><counter type="LINE" missed="0" covered="1"/><counter type="COMPLEXITY" missed="1" covered="2"/><counter type="METHOD" missed="1" covered="2"/><counter type="CLASS" missed="0" covered="1"/></class><class name="com/stehno/gradle/natives/ListNativesTask$_listNatives_closure2"><method name="&lt;init&gt;" desc="(Ljava/lang/Object;Ljava/lang/Object;)V"><counter type="INSTRUCTION" missed="0" covered="5"/><counter type="COMPLEXITY" missed="0" covered="1"/><counter type="METHOD" missed="0" covered="1"/></method><method name="doCall" desc="(Ljava/io/File;Ljava/util/List;)Ljava/lang/Object;" line="43"><counter type="INSTRUCTION" missed="2" covered="41"/><counter type="LINE" missed="0" covered="2"/><counter type="COMPLEXITY" missed="0" covered="1"/><counter type="METHOD" missed="0" covered="1"/></method><method name="call" desc="(Ljava/io/File;Ljava/util/List;)Ljava/lang/Object;"><counter type="INSTRUCTION" missed="7" covered="0"/><counter type="COMPLEXITY" missed="1" covered="0"/><counter type="METHOD" missed="1" covered="0"/></method><counter type="INSTRUCTION" missed="9" covered="46"/><counter type="LINE" missed="0" covered="2"/><counter type="COMPLEXITY" missed="1" covered="2"/><counter type="METHOD" missed="1" covered="2"/><counter type="CLASS" missed="0" covered="1"/></class><class name="com/stehno/gradle/natives/NativeLibResolver"><method name="&lt;init&gt;" desc="()V"><counter type="INSTRUCTION" missed="12" covered="0"/><counter type="COMPLEXITY" missed="1" covered="0"/><counter type="METHOD" missed="1" covered="0"/></method><method name="resolveNames" desc="(Lorg/gradle/api/Project;Lcom/stehno/gradle/natives/ext/NativesExtension;)Ljava/util/Map;" line="45"><counter type="INSTRUCTION" missed="2" covered="38"/><counter type="LINE" missed="0" covered="3"/><counter type="COMPLEXITY" missed="0" covered="1"/><counter type="METHOD" missed="0" covered="1"/></method><method name="resolveFiles" desc="(Lorg/gradle/api/Project;Lcom/stehno/gradle/natives/ext/NativesExtension;)Ljava/util/Map;" line="69"><counter type="INSTRUCTION" missed="2" covered="38"/><counter type="LINE" missed="0" covered="3"/><counter type="COMPLEXITY" missed="0" covered="1"/><counter type="METHOD" missed="0" covered="1"/></method><method name="findNatives" desc="(Lcom/stehno/gradle/natives/ext/Platform;Ljava/io/File;Lcom/stehno/gradle/natives/ext/LibraryFilter;Lgroovy/lang/Closure;)Ljava/util/Set;" line="86"><counter type="INSTRUCTION" missed="2" covered="78"/><counter type="LINE" missed="0" covered="4"/><counter type="COMPLEXITY" missed="0" covered="1"/><counter type="METHOD" missed="0" covered="1"/></method><method name="findDependencyArtifacts" desc="(Lorg/gradle/api/Project;Ljava/util/Collection;)Ljava/util/Set;" line="103"><counter type="INSTRUCTION" missed="7" covered="36"/><counter type="BRANCH" missed="1" covered="1"/><counter type="LINE" missed="0" covered="3"/><counter type="COMPLEXITY" missed="1" covered="1"/><counter type="METHOD" missed="0" covered="1"/></method><method name="collectDependencies" desc="(Ljava/util/Set;Lorg/gradle/api/artifacts/ResolvedDependency;)V" line="115"><counter type="INSTRUCTION" missed="0" covered="27"/><counter type="LINE" missed="0" covered="2"/><counter type="COMPLEXITY" missed="0" covered="1"/><counter type="METHOD" missed="0" covered="1"/></method><counter type="INSTRUCTION" missed="25" covered="217"/><counter type="BRANCH" missed="1" covered="1"/><counter type="LINE" missed="0" covered="15"/><counter type="COMPLEXITY" missed="2" covered="5"/><counter type="METHOD" missed="1" covered="5"/><counter type="CLASS" missed="0" covered="1"/></class><class name="com/stehno/gradle/natives/NativeLibName"><method name="&lt;init&gt;" desc="(Ljava/util/HashMap;)V"><counter type="INSTRUCTION" missed="35" covered="85"/><counter type="BRANCH" missed="3" covered="3"/><counter type="COMPLEXITY" missed="3" covered="1"/><counter type="METHOD" missed="0" covered="1"/></method><method name="&lt;init&gt;" desc="()V"><counter type="INSTRUCTION" missed="11" covered="0"/><counter type="COMPLEXITY" missed="1" covered="0"/><counter type="METHOD" missed="1" covered="0"/></method><method name="&lt;init&gt;" desc="(Lcom/stehno/gradle/natives/ext/Platform;Ljava/lang/String;)V"><counter type="INSTRUCTION" missed="0" covered="27"/><counter type="COMPLEXITY" missed="0" covered="1"/><counter type="METHOD" missed="0" covered="1"/></method><method name="hashCode" desc="()I"><counter type="INSTRUCTION" missed="96" covered="0"/><counter type="BRANCH" missed="10" covered="0"/><counter type="COMPLEXITY" missed="6" covered="0"/><counter type="METHOD" missed="1" covered="0"/></method><method name="equals" desc="(Ljava/lang/Object;)Z"><counter type="INSTRUCTION" missed="84" covered="0"/><counter type="BRANCH" missed="16" covered="0"/><counter type="COMPLEXITY" missed="9" covered="0"/><counter type="METHOD" missed="1" covered="0"/></method><method name="toString" desc="()Ljava/lang/String;"><counter type="INSTRUCTION" missed="280" covered="0"/><counter type="BRANCH" missed="36" covered="0"/><counter type="COMPLEXITY" missed="19" covered="0"/><counter type="METHOD" missed="1" covered="0"/></method><method name="getPlatform" desc="()Lcom/stehno/gradle/natives/ext/Platform;"><counter type="INSTRUCTION" missed="2" covered="5"/><counter type="COMPLEXITY" missed="0" covered="1"/><counter type="METHOD" missed="0" covered="1"/></method><method name="getName" desc="()Ljava/lang/String;"><counter type="INSTRUCTION" missed="2" covered="5"/><counter type="COMPLEXITY" missed="0" covered="1"/><counter type="METHOD" missed="0" covered="1"/></method><counter type="INSTRUCTION" missed="510" covered="122"/><counter type="BRANCH" missed="65" covered="3"/><counter type="COMPLEXITY" missed="38" covered="4"/><counter type="METHOD" missed="4" covered="4"/><counter type="CLASS" missed="0" covered="1"/></class><class name="com/stehno/gradle/natives/NativeLibResolver$_resolveFiles_closure2$_closure13"><method name="&lt;init&gt;" desc="(Ljava/lang/Object;Ljava/lang/Object;Lgroovy/lang/Reference;Lgroovy/lang/Reference;Lgroovy/lang/Reference;)V"><counter type="INSTRUCTION" missed="0" covered="29"/><counter type="COMPLEXITY" missed="0" covered="1"/><counter type="METHOD" missed="0" covered="1"/></method><method name="doCall" desc="(Lcom/stehno/gradle/natives/ext/Platform;)Ljava/lang/Object;" line="75"><counter type="INSTRUCTION" missed="2" covered="46"/><counter type="LINE" missed="0" covered="2"/><counter type="COMPLEXITY" missed="0" covered="1"/><counter type="METHOD" missed="0" covered="1"/></method><method name="call" desc="(Lcom/stehno/gradle/natives/ext/Platform;)Ljava/lang/Object;"><counter type="INSTRUCTION" missed="14" covered="0"/><counter type="COMPLEXITY" missed="1" covered="0"/><counter type="METHOD" missed="1" covered="0"/></method><method name="getExtension" desc="()Lcom/stehno/gradle/natives/ext/NativesExtension;"><counter type="INSTRUCTION" missed="9" covered="0"/><counter type="COMPLEXITY" missed="1" covered="0"/><counter type="METHOD" missed="1" covered="0"/></method><method name="getArtifactFile" desc="()Ljava/io/File;"><counter type="INSTRUCTION" missed="9" covered="0"/><counter type="COMPLEXITY" missed="1" covered="0"/><counter type="METHOD" missed="1" covered="0"/></method><method name="getFoundLibs" desc="()Ljava/util/Map;"><counter type="INSTRUCTION" missed="9" covered="0"/><counter type="COMPLEXITY" missed="1" covered="0"/><counter type="METHOD" missed="1" covered="0"/></method><counter type="INSTRUCTION" missed="43" covered="75"/><counter type="LINE" missed="0" covered="2"/><counter type="COMPLEXITY" missed="4" covered="2"/><counter type="METHOD" missed="4" covered="2"/><counter type="CLASS" missed="0" covered="1"/></class><class name="com/stehno/gradle/natives/NativeLibResolver$_resolveFiles_closure2"><method name="&lt;init&gt;" desc="(Ljava/lang/Object;Ljava/lang/Object;Lgroovy/lang/Reference;Lgroovy/lang/Reference;)V"><counter type="INSTRUCTION" missed="0" covered="21"/><counter type="COMPLEXITY" missed="0" covered="1"/><counter type="METHOD" missed="0" covered="1"/></method><method name="doCall" desc="(Ljava/io/File;)Ljava/lang/Object;" line="72"><counter type="INSTRUCTION" missed="2" covered="44"/><counter type="LINE" missed="0" covered="2"/><counter type="COMPLEXITY" missed="0" covered="1"/><counter type="METHOD" missed="0" covered="1"/></method><method name="call" desc="(Ljava/io/File;)Ljava/lang/Object;"><counter type="INSTRUCTION" missed="14" covered="0"/><counter type="COMPLEXITY" missed="1" covered="0"/><counter type="METHOD" missed="1" covered="0"/></method><method name="getExtension" desc="()Lcom/stehno/gradle/natives/ext/NativesExtension;"><counter type="INSTRUCTION" missed="9" covered="0"/><counter type="COMPLEXITY" missed="1" covered="0"/><counter type="METHOD" missed="1" covered="0"/></method><method name="getFoundLibs" desc="()Ljava/util/Map;"><counter type="INSTRUCTION" missed="9" covered="0"/><counter type="COMPLEXITY" missed="1" covered="0"/><counter type="METHOD" missed="1" covered="0"/></method><counter type="INSTRUCTION" missed="34" covered="65"/><counter type="LINE" missed="0" covered="2"/><counter type="COMPLEXITY" missed="3" covered="2"/><counter type="METHOD" missed="3" covered="2"/><counter type="CLASS" missed="0" covered="1"/></class><class name="com/stehno/gradle/natives/NativesPlugin"><method name="&lt;init&gt;" desc="()V"><counter type="INSTRUCTION" missed="0" covered="14"/><counter type="COMPLEXITY" missed="0" covered="1"/><counter type="METHOD" missed="0" covered="1"/></method><method name="apply" desc="(Lorg/gradle/api/Project;)V" line="28"><counter type="INSTRUCTION" missed="0" covered="51"/><counter type="LINE" missed="0" covered="3"/><counter type="COMPLEXITY" missed="0" covered="1"/><counter type="METHOD" missed="0" covered="1"/></method><counter type="INSTRUCTION" missed="0" covered="65"/><counter type="LINE" missed="0" covered="3"/><counter type="COMPLEXITY" missed="0" covered="2"/><counter type="METHOD" missed="0" covered="2"/><counter type="CLASS" missed="0" covered="1"/></class><sourcefile name="NativeLibResolver.groovy"><line nr="45" mi="0" ci="13" mb="0" cb="0"/><line nr="47" mi="0" ci="15" mb="0" cb="0"/><line nr="48" mi="0" ci="19" mb="0" cb="0"/><line nr="50" mi="2" ci="19" mb="0" cb="0"/><line nr="51" mi="2" ci="28" mb="0" cb="0"/><line nr="52" mi="2" ci="14" mb="0" cb="0"/><line nr="53" mi="2" ci="24" mb="0" cb="0"/><line nr="58" mi="2" ci="4" mb="0" cb="0"/><line nr="69" mi="0" ci="13" mb="0" cb="0"/><line nr="71" mi="0" ci="15" mb="0" cb="0"/><line nr="72" mi="0" ci="19" mb="0" cb="0"/><line nr="74" mi="2" ci="19" mb="0" cb="0"/><line nr="75" mi="0" ci="25" mb="0" cb="0"/><line nr="76" mi="2" ci="13" mb="0" cb="0"/><line nr="78" mi="2" ci="15" mb="0" cb="0"/><line nr="82" mi="2" ci="4" mb="0" cb="0"/><line nr="86" mi="0" ci="10" mb="0" cb="0"/><line nr="88" mi="0" ci="11" mb="0" cb="0"/><line nr="89" mi="0" ci="35" mb="0" cb="0"/><line nr="90" mi="2" ci="10" mb="0" cb="0"/><line nr="92" mi="16" ci="39" mb="4" cb="8"/><line nr="94" mi="16" ci="43" mb="4" cb="10"/><line nr="96" mi="2" ci="21" mb="0" cb="0"/><line nr="99" mi="2" ci="4" mb="0" cb="0"/><line nr="103" mi="0" ci="10" mb="0" cb="0"/><line nr="105" mi="5" ci="16" mb="1" cb="1"/><line nr="106" mi="2" ci="19" mb="0" cb="0"/><line nr="107" mi="2" ci="11" mb="0" cb="0"/><line nr="111" mi="2" ci="4" mb="0" cb="0"/><line nr="115" mi="0" ci="10" mb="0" cb="0"/><line nr="116" mi="2" ci="4" mb="0" cb="0"/><line nr="118" mi="0" ci="11" mb="0" cb="0"/><line nr="119" mi="2" ci="14" mb="0" cb="0"/><counter type="INSTRUCTION" missed="1541" covered="1320"/><counter type="BRANCH" missed="160" covered="34"/><counter type="LINE" missed="0" covered="33"/><counter type="COMPLEXITY" missed="140" covered="54"/><counter type="METHOD" missed="50" covered="47"/><counter type="CLASS" missed="0" covered="18"/></sourcefile><sourcefile name="ListNativesTask.groovy"><line nr="32" mi="0" ci="10" mb="0" cb="0"/><line nr="33" mi="0" ci="10" mb="0" cb="0"/><line nr="34" mi="0" ci="11" mb="0" cb="0"/><line nr="38" mi="3" ci="19" mb="1" cb="1"/><line nr="40" mi="0" ci="30" mb="0" cb="0"/><line nr="42" mi="2" ci="21" mb="0" cb="0"/><line nr="43" mi="0" ci="32" mb="0" cb="0"/><line nr="44" mi="2" ci="9" mb="0" cb="0"/><line nr="45" mi="2" ci="45" mb="0" cb="0"/><counter type="INSTRUCTION" missed="31" covered="217"/><counter type="BRANCH" missed="1" covered="1"/><counter type="LINE" missed="0" covered="9"/><counter type="COMPLEXITY" missed="4" covered="9"/><counter type="METHOD" missed="3" covered="9"/><counter type="CLASS" missed="0" covered="4"/></sourcefile><sourcefile name="NativesPlugin.groovy"><line nr="28" mi="0" ci="12" mb="0" cb="0"/><line nr="30" mi="0" ci="18" mb="0" cb="0"/><line nr="31" mi="0" ci="19" mb="0" cb="0"/><counter type="INSTRUCTION" missed="0" covered="65"/><counter type="LINE" missed="0" covered="3"/><counter type="COMPLEXITY" missed="0" covered="2"/><counter type="METHOD" missed="0" covered="2"/><counter type="CLASS" missed="0" covered="1"/></sourcefile><sourcefile name="IncludeNativesTask.groovy"><line nr="33" mi="0" ci="10" mb="0" cb="0"/><line nr="34" mi="0" ci="11" mb="0" cb="0"/><line nr="38" mi="3" ci="23" mb="1" cb="1"/><line nr="40" mi="0" ci="32" mb="0" cb="0"/><line nr="42" mi="2" ci="24" mb="0" cb="0"/><line nr="43" mi="0" ci="32" mb="0" cb="0"/><line nr="44" mi="2" ci="11" mb="0" cb="0"/><line nr="45" mi="0" ci="15" mb="0" cb="0"/><line nr="46" mi="0" ci="10" mb="0" cb="4"/><line nr="48" mi="0" ci="55" mb="0" cb="0"/><line nr="50" mi="2" ci="25" mb="0" cb="0"/><line nr="56" mi="0" ci="8" mb="0" cb="0"/><line nr="57" mi="4" ci="42" mb="1" cb="1"/><counter type="INSTRUCTION" missed="53" covered="344"/><counter type="BRANCH" missed="2" covered="6"/><counter type="LINE" missed="0" covered="13"/><counter type="COMPLEXITY" missed="7" covered="12"/><counter type="METHOD" missed="5" covered="10"/><counter type="CLASS" missed="0" covered="4"/></sourcefile><counter type="INSTRUCTION" missed="1625" covered="1946"/><counter type="BRANCH" missed="163" covered="41"/><counter type="LINE" missed="0" covered="58"/><counter type="COMPLEXITY" missed="151" covered="77"/><counter type="METHOD" missed="58" covered="68"/><counter type="CLASS" missed="0" covered="27"/></package><counter type="INSTRUCTION" missed="2029" covered="2470"/><counter type="BRANCH" missed="191" covered="51"/><counter type="LINE" missed="10" covered="77"/><counter type="COMPLEXITY" missed="180" covered="100"/><counter type="METHOD" missed="68" covered="91"/><counter type="CLASS" missed="1" covered="31"/></report>